<?xml version="1.0" encoding="UTF-8"?>
<testsuite name="Top menu test"
           tests="3"
           failures="0"
           errors="0"
           skipped="0"
           time="2.470">
  <properties />
  
  
            <testcase name="verifyUserShouldNavigateToComponentsPageSuccessfully" time="0.798" classname="com.tutorialsninja.testsuite.TopMenuTest" />
                <testcase name="verifyUserShouldNavigateToDesktopsPageSuccessfully" time="0.943" classname="com.tutorialsninja.testsuite.TopMenuTest" />
                <testcase name="verifyUserShouldNavigateToLaptopsAndNotebooksPageSuccessfully" time="0.729" classname="com.tutorialsninja.testsuite.TopMenuTest" />
      
</testsuite>
