<?xml version="1.0" encoding="UTF-8"?>
<testsuite name="LaptopsAndNotebooks test"
           tests="2"
           failures="0"
           errors="0"
           skipped="0"
           time="10.157">
  <properties />
  
  
            <testcase name="verifyThatUserPlaceOrderSuccessfully" time="8.827" classname="com.tutorialsninja.testsuite.LaptopsAndNotebooksTest" />
                <testcase name="verifyProductsPriceDisplayHighToLowSuccessfully" time="1.330" classname="com.tutorialsninja.testsuite.LaptopsAndNotebooksTest" />
      
</testsuite>
