<?xml version="1.0" encoding="UTF-8"?>
<testsuite name="MyAccounts test"
           tests="4"
           failures="0"
           errors="0"
           skipped="0"
           time="10.527">
  <properties />
  
  
            <testcase name="verifyUserShouldNavigateToRegisterPageSuccessfully" time="0.677" classname="com.tutorialsninja.testsuite.MyAccountsTest" />
                <testcase name="verifyUserShouldNavigateToLoginPageSuccessfully" time="0.554" classname="com.tutorialsninja.testsuite.MyAccountsTest" />
                <testcase name="verifyThatUserRegisterAccountSuccessfully" time="6.122" classname="com.tutorialsninja.testsuite.MyAccountsTest" />
                <testcase name="verifyThatUserShouldLoginAndLogoutSuccessfully" time="3.174" classname="com.tutorialsninja.testsuite.MyAccountsTest" />
      
</testsuite>
